#
# There is insufficient memory for the Java Runtime Environment to continue.
# Native memory allocation (mmap) failed to map 268435456 bytes for Failed to commit area from 0x0000000700c00000 to 0x0000000710c00000 of length 268435456.
# Possible reasons:
#   The system is out of physical RAM or swap space
#   The process is running with CompressedOops enabled, and the Java Heap may be blocking the growth of the native heap
# Possible solutions:
#   Reduce memory load on the system
#   Increase physical memory or swap space
#   Check if swap backing store is full
#   Decrease Java heap size (-Xmx/-Xms)
#   Decrease number of Java threads
#   Decrease Java thread stack sizes (-Xss)
#   Set larger code cache with -XX:ReservedCodeCacheSize=
#   JVM is running with Zero Based Compressed Oops mode in which the Java heap is
#     placed in the first 32GB address space. The Java Heap base address is the
#     maximum limit for the native heap growth. Please use -XX:HeapBaseMinAddress
#     to set the Java Heap base and to place the Java Heap above 32GB virtual address.
# This output file may be truncated or incomplete.
#
#  Out of Memory Error (./open/src/hotspot/os/windows/os_windows.cpp:3315), pid=20176, tid=37988
#
# JRE version:  (14.0.2+12) (build )
# Java VM: OpenJDK 64-Bit Server VM (14.0.2+12-46, mixed mode, sharing, tiered, compressed oops, g1 gc, windows-amd64)
# No core dump will be written. Minidumps are not enabled by default on client versions of Windows
#

---------------  S U M M A R Y ------------

Command Line: -Dfile.encoding=Cp1252 --module-path=C:\Users\jakes\eclipse-workspace\ComputerShare\bin -XX:+ShowCodeDetailsInExceptionMessages -Djdk.module.main=ComputerShare ComputerShare/stock.Trading

Host: AMD Ryzen 5 2600 Six-Core Processor            , 12 cores, 15G,  Windows 10 , 64 bit Build 19041 (10.0.19041.1202)
Time: Wed Oct 27 23:56:14 2021 GMT Summer Time elapsed time: 0 seconds (0d 0h 0m 0s)

---------------  T H R E A D  ---------------

Current thread (0x000001b99737b000):  JavaThread "Unknown thread" [_thread_in_vm, id=37988, stack(0x0000001791500000,0x0000001791600000)]

Stack: [0x0000001791500000,0x0000001791600000]
Native frames: (J=compiled Java code, j=interpreted, Vv=VM code, C=native code)
V  [jvm.dll+0x5f8a9a]
V  [jvm.dll+0x74247a]
V  [jvm.dll+0x743c2f]
V  [jvm.dll+0x744273]
V  [jvm.dll+0x20d288]
V  [jvm.dll+0x5f5dea]
V  [jvm.dll+0x5eac45]
V  [jvm.dll+0x2c7e9c]
V  [jvm.dll+0x2c7cd2]
V  [jvm.dll+0x2cdbbc]
V  [jvm.dll+0x313fe8]
V  [jvm.dll+0x313710]
V  [jvm.dll+0x2a092a]
V  [jvm.dll+0x2a1a79]
V  [jvm.dll+0x71fd48]
V  [jvm.dll+0x321c14]
V  [jvm.dll+0x70112c]
V  [jvm.dll+0x392def]
V  [jvm.dll+0x394e61]
C  [jli.dll+0x524b]
C  [ucrtbase.dll+0x21bb2]
C  [KERNEL32.DLL+0x17034]
C  [ntdll.dll+0x52651]


---------------  P R O C E S S  ---------------

Threads class SMR info:
_java_thread_list=0x00007ff8767a3038, length=0, elements={
}

Java Threads: ( => current thread )

Other Threads:
  0x000001b9973e3800 GCTaskThread "GC Thread#0" [stack: 0x0000001791600000,0x0000001791700000] [id=35224]
  0x000001b997406800 ConcurrentGCThread "G1 Main Marker" [stack: 0x0000001791700000,0x0000001791800000] [id=35780]
  0x000001b997409000 ConcurrentGCThread "G1 Conc#0" [stack: 0x0000001791800000,0x0000001791900000] [id=38060]

[error occurred during error reporting (printing all threads), id 0xc0000005, EXCEPTION_ACCESS_VIOLATION (0xc0000005) at pc=0x00007ff875fd1257]

VM state:not at safepoint (not fully initialized)

VM Mutex/Monitor currently owned by a thread:  ([mutex/lock_event])
[0x000001b997375c00] Heap_lock - owner thread: 0x000001b99737b000

Heap address: 0x0000000700c00000, size: 4084 MB, Compressed Oops mode: Zero based, Oop shift amount: 3
Narrow klass base: 0x0000000000000000, Narrow klass shift: 0

GC Heap History (0 events):
No events

Deoptimization events (0 events):
No events

Classes unloaded (0 events):
No events

Classes redefined (0 events):
No events

Internal exceptions (0 events):
No events

Events (2 events):
Event: 0.006 Loaded shared library C:\Users\jakes\.p2\pool\plugins\org.eclipse.justj.openjdk.hotspot.jre.full.win32.x86_64_14.0.2.v20200815-0932\jre\bin\java.dll
Event: 0.006 Loaded shared library C:\Users\jakes\.p2\pool\plugins\org.eclipse.justj.openjdk.hotspot.jre.full.win32.x86_64_14.0.2.v20200815-0932\jre\bin\zip.dll


Dynamic libraries:
0x00007ff7a8130000 - 0x00007ff7a813d000 	C:\Users\jakes\.p2\pool\plugins\org.eclipse.justj.openjdk.hotspot.jre.full.win32.x86_64_14.0.2.v20200815-0932\jre\bin\javaw.exe
0x00007ff8b6c70000 - 0x00007ff8b6e65000 	C:\WINDOWS\SYSTEM32\ntdll.dll
0x00007ff8b5830000 - 0x00007ff8b58ee000 	C:\WINDOWS\System32\KERNEL32.DLL
0x00007ff8b4630000 - 0x00007ff8b48f9000 	C:\WINDOWS\System32\KERNELBASE.dll
0x00007ff8b4530000 - 0x00007ff8b4630000 	C:\WINDOWS\System32\ucrtbase.dll
0x00007ff8ae650000 - 0x00007ff8ae668000 	C:\Users\jakes\.p2\pool\plugins\org.eclipse.justj.openjdk.hotspot.jre.full.win32.x86_64_14.0.2.v20200815-0932\jre\bin\jli.dll
0x00007ff8ae670000 - 0x00007ff8ae685000 	C:\Users\jakes\.p2\pool\plugins\org.eclipse.justj.openjdk.hotspot.jre.full.win32.x86_64_14.0.2.v20200815-0932\jre\bin\VCRUNTIME140.dll
0x00007ff8b5c70000 - 0x00007ff8b5e11000 	C:\WINDOWS\System32\USER32.dll
0x00007ff89eb40000 - 0x00007ff89edda000 	C:\WINDOWS\WinSxS\amd64_microsoft.windows.common-controls_6595b64144ccf1df_6.0.19041.1110_none_60b5254171f9507e\COMCTL32.dll
0x00007ff8b4900000 - 0x00007ff8b4922000 	C:\WINDOWS\System32\win32u.dll
0x00007ff8b5790000 - 0x00007ff8b582e000 	C:\WINDOWS\System32\msvcrt.dll
0x00007ff8b6250000 - 0x00007ff8b627b000 	C:\WINDOWS\System32\GDI32.dll
0x00007ff8b4390000 - 0x00007ff8b449b000 	C:\WINDOWS\System32\gdi32full.dll
0x00007ff8b4c20000 - 0x00007ff8b4cbd000 	C:\WINDOWS\System32\msvcp_win.dll
0x00007ff8b6ad0000 - 0x00007ff8b6b00000 	C:\WINDOWS\System32\IMM32.DLL
0x00007ff8acdf0000 - 0x00007ff8ace8b000 	C:\Users\jakes\.p2\pool\plugins\org.eclipse.justj.openjdk.hotspot.jre.full.win32.x86_64_14.0.2.v20200815-0932\jre\bin\msvcp140.dll
0x00007ff875d20000 - 0x00007ff87683e000 	C:\Users\jakes\.p2\pool\plugins\org.eclipse.justj.openjdk.hotspot.jre.full.win32.x86_64_14.0.2.v20200815-0932\jre\bin\server\jvm.dll
0x00007ff8b6020000 - 0x00007ff8b60cc000 	C:\WINDOWS\System32\ADVAPI32.dll
0x00007ff8b5e30000 - 0x00007ff8b5ecb000 	C:\WINDOWS\System32\sechost.dll
0x00007ff8b5660000 - 0x00007ff8b578a000 	C:\WINDOWS\System32\RPCRT4.dll
0x00007ff8b4da0000 - 0x00007ff8b4da8000 	C:\WINDOWS\System32\PSAPI.DLL
0x00007ff89c970000 - 0x00007ff89c979000 	C:\WINDOWS\SYSTEM32\WSOCK32.dll
0x00007ff8a25d0000 - 0x00007ff8a25f7000 	C:\WINDOWS\SYSTEM32\WINMM.dll
0x00007ff8b6130000 - 0x00007ff8b619b000 	C:\WINDOWS\System32\WS2_32.dll
0x00007ff8b31e0000 - 0x00007ff8b31ea000 	C:\WINDOWS\SYSTEM32\VERSION.dll
0x00007ff8b31a0000 - 0x00007ff8b31b2000 	C:\WINDOWS\SYSTEM32\kernel.appcore.dll
0x00007ff8b0c20000 - 0x00007ff8b0c2a000 	C:\Users\jakes\.p2\pool\plugins\org.eclipse.justj.openjdk.hotspot.jre.full.win32.x86_64_14.0.2.v20200815-0932\jre\bin\jimage.dll
0x00007ff8a2100000 - 0x00007ff8a22e4000 	C:\WINDOWS\SYSTEM32\DBGHELP.DLL
0x00007ff89c350000 - 0x00007ff89c37c000 	C:\WINDOWS\SYSTEM32\dbgcore.DLL
0x00007ff8b44a0000 - 0x00007ff8b4523000 	C:\WINDOWS\System32\bcryptPrimitives.dll
0x00007ff8aed70000 - 0x00007ff8aed95000 	C:\Users\jakes\.p2\pool\plugins\org.eclipse.justj.openjdk.hotspot.jre.full.win32.x86_64_14.0.2.v20200815-0932\jre\bin\java.dll
0x00007ff8afdf0000 - 0x00007ff8afe06000 	C:\Users\jakes\.p2\pool\plugins\org.eclipse.justj.openjdk.hotspot.jre.full.win32.x86_64_14.0.2.v20200815-0932\jre\bin\zip.dll

dbghelp: loaded successfully - version: 4.0.5 - missing functions: none
symbol engine: initialized successfully - sym options: 0x614 - pdb path: .;C:\Users\jakes\.p2\pool\plugins\org.eclipse.justj.openjdk.hotspot.jre.full.win32.x86_64_14.0.2.v20200815-0932\jre\bin;C:\WINDOWS\SYSTEM32;C:\WINDOWS\WinSxS\amd64_microsoft.windows.common-controls_6595b64144ccf1df_6.0.19041.1110_none_60b5254171f9507e;C:\Users\jakes\.p2\pool\plugins\org.eclipse.justj.openjdk.hotspot.jre.full.win32.x86_64_14.0.2.v20200815-0932\jre\bin\server

VM Arguments:
jvm_args: -Dfile.encoding=Cp1252 --module-path=C:\Users\jakes\eclipse-workspace\ComputerShare\bin -XX:+ShowCodeDetailsInExceptionMessages -Djdk.module.main=ComputerShare 
java_command: ComputerShare/stock.Trading
java_class_path (initial): <not set>
Launcher Type: SUN_STANDARD

[Global flags]
     intx CICompilerCount                          = 4                                         {product} {ergonomic}
     uint ConcGCThreads                            = 3                                         {product} {ergonomic}
     uint G1ConcRefinementThreads                  = 10                                        {product} {ergonomic}
   size_t G1HeapRegionSize                         = 1048576                                   {product} {ergonomic}
    uintx GCDrainStackTargetSize                   = 64                                        {product} {ergonomic}
   size_t InitialHeapSize                          = 268435456                                 {product} {ergonomic}
   size_t MarkStackSize                            = 4194304                                   {product} {ergonomic}
   size_t MaxHeapSize                              = 4282384384                                {product} {ergonomic}
   size_t MinHeapDeltaBytes                        = 1048576                                   {product} {ergonomic}
   size_t MinHeapSize                              = 8388608                                   {product} {ergonomic}
    uintx NonNMethodCodeHeapSize                   = 5839372                                {pd product} {ergonomic}
    uintx NonProfiledCodeHeapSize                  = 122909434                              {pd product} {ergonomic}
    uintx ProfiledCodeHeapSize                     = 122909434                              {pd product} {ergonomic}
    uintx ReservedCodeCacheSize                    = 251658240                              {pd product} {ergonomic}
     bool SegmentedCodeCache                       = true                                      {product} {ergonomic}
     bool ShowCodeDetailsInExceptionMessages       = true                                   {manageable} {command line}
   size_t SoftMaxHeapSize                          = 4282384384                             {manageable} {ergonomic}
     bool UseCompressedClassPointers               = true                                 {lp64_product} {ergonomic}
     bool UseCompressedOops                        = true                                 {lp64_product} {ergonomic}
     bool UseG1GC                                  = true                                      {product} {ergonomic}
     bool UseLargePagesIndividualAllocation        = false                                  {pd product} {ergonomic}

Logging:
Log output configuration:
 #0: stdout all=warning uptime,level,tags
 #1: stderr all=off uptime,level,tags

Environment Variables:
PATH=C:/Users/jakes/.p2/pool/plugins/org.eclipse.justj.openjdk.hotspot.jre.full.win32.x86_64_14.0.2.v20200815-0932/jre/bin/server;C:/Users/jakes/.p2/pool/plugins/org.eclipse.justj.openjdk.hotspot.jre.full.win32.x86_64_14.0.2.v20200815-0932/jre/bin;C:\Program Files\AdoptOpenJDK\jdk-15.0.0.36-hotspot\bin;C:\Program Files\AdoptOpenJDK\jdk-8.0.265.01-hotspot\bin;C:\Program Files (x86)\Razer Chroma SDK\bin;C:\Program Files\Razer Chroma SDK\bin;C:\Program Files (x86)\Razer\ChromaBroadcast\bin;C:\Program Files\Razer\ChromaBroadcast\bin;C:\Windows\system32;C:\Windows;C:\Windows\System32\Wbem;C:\Windows\System32\WindowsPowerShell\v1.0\;C:\Windows\System32\OpenSSH\;C:\Program Files\NVIDIA Corporation\NVIDIA NvDLISR;C:\Program Files (x86)\NVIDIA Corporation\PhysX\Common;C:\WINDOWS\system32;C:\WINDOWS;C:\WINDOWS\System32\Wbem;C:\WINDOWS\System32\WindowsPowerShell\v1.0\;C:\WINDOWS\System32\OpenSSH\;C:\WINDOWS\system32\config\systemprofile\AppData\Local\Microsoft\WindowsApps;C:\Users\jakes\AppData\Local\Microsoft\WindowsApps;C:\Users\jakes\AppData\Local\Programs\MiKTeX 2.9\miktex\bin\x64\;C:\WINDOWS\system32;C:\WINDOWS;C:\WINDOWS\System32\Wbem;C:\WINDOWS\System32\WindowsPowerShell\v1.0\;C:\WINDOWS\System32\OpenSSH\;C:\Program Files\nodejs\;C:\Program Files\Git\cmd;C:\HashiCorp\Vagrant\bin;C:\Users\jakes\AppData\Local\Microsoft\WindowsApps;C:\Users\jakes\AppData\Local\Programs\MiKTeX 2.9\miktex\bin\x64\;C:\Users\jakes\AppData\Local\Programs\Microsoft VS Code\bin;C:\Users\jakes\AppData\Local\GitHubDesktop\bin;C:\Users\jakes\AppData\Roaming\npm;C:\Users\jakes\OneDrive\Desktop;
USERNAME=jakes
OS=Windows_NT
PROCESSOR_IDENTIFIER=AMD64 Family 23 Model 8 Stepping 2, AuthenticAMD



---------------  S Y S T E M  ---------------

OS: Windows 10 , 64 bit Build 19041 (10.0.19041.1202)
OS uptime: 2 days 3:53 hours

CPU:total 12 (initial active 12) (12 cores per cpu, 2 threads per core) family 23 model 8 stepping 2, cmov, cx8, fxsr, mmx, sse, sse2, sse3, ssse3, sse4.1, sse4.2, popcnt, avx, avx2, aes, clmul, mmxext, 3dnowpref, lzcnt, sse4a, ht, tsc, tscinvbit, tscinv, bmi1, bmi2, adx, sha, fma

Memory: 4k page, system-wide physical 16334M (6931M free)
TotalPageFile size 48979M (AvailPageFile size 193M)
current process WorkingSet (physical memory assigned to process): 10M, peak: 10M
current process commit charge ("private bytes"): 64M, peak: 320M

vm_info: OpenJDK 64-Bit Server VM (14.0.2+12-46) for windows-amd64 JRE (14.0.2+12-46), built on Jul  9 2020 00:31:16 by "mach5one" with MS VC++ 15.9 (VS2017)

END.
