#
# There is insufficient memory for the Java Runtime Environment to continue.
# Native memory allocation (malloc) failed to allocate 149936 bytes for Chunk::new
# Possible reasons:
#   The system is out of physical RAM or swap space
#   The process is running with CompressedOops enabled, and the Java Heap may be blocking the growth of the native heap
# Possible solutions:
#   Reduce memory load on the system
#   Increase physical memory or swap space
#   Check if swap backing store is full
#   Decrease Java heap size (-Xmx/-Xms)
#   Decrease number of Java threads
#   Decrease Java thread stack sizes (-Xss)
#   Set larger code cache with -XX:ReservedCodeCacheSize=
#   JVM is running with Zero Based Compressed Oops mode in which the Java heap is
#     placed in the first 32GB address space. The Java Heap base address is the
#     maximum limit for the native heap growth. Please use -XX:HeapBaseMinAddress
#     to set the Java Heap base and to place the Java Heap above 32GB virtual address.
# This output file may be truncated or incomplete.
#
#  Out of Memory Error (./open/src/hotspot/share/memory/arena.cpp:195), pid=35412, tid=19260
#
# JRE version: OpenJDK Runtime Environment (14.0.2+12) (build 14.0.2+12-46)
# Java VM: OpenJDK 64-Bit Server VM (14.0.2+12-46, mixed mode, tiered, compressed oops, g1 gc, windows-amd64)
# No core dump will be written. Minidumps are not enabled by default on client versions of Windows
#

---------------  S U M M A R Y ------------

Command Line: -Dfile.encoding=Cp1252 --module-path=C:\Users\jakes\eclipse-workspace\ComputerShare\bin -XX:+ShowCodeDetailsInExceptionMessages -Djdk.module.main=ComputerShare ComputerShare/stock.Trading

Host: AMD Ryzen 5 2600 Six-Core Processor            , 12 cores, 15G,  Windows 10 , 64 bit Build 19041 (10.0.19041.1202)
Time: Wed Oct 27 23:54:33 2021 GMT Summer Time elapsed time: 0 seconds (0d 0h 0m 0s)

---------------  T H R E A D  ---------------

Current thread (0x000002d8126c4800):  JavaThread "C2 CompilerThread0" daemon [_thread_in_native, id=19260, stack(0x000000eb26e00000,0x000000eb26f00000)]


Current CompileTask:
C2:    464  170       4       java.util.HashMap::putVal (300 bytes)

Stack: [0x000000eb26e00000,0x000000eb26f00000]
Native frames: (J=compiled Java code, j=interpreted, Vv=VM code, C=native code)
V  [jvm.dll+0x5f8a9a]
V  [jvm.dll+0x74247a]
V  [jvm.dll+0x743c2f]
V  [jvm.dll+0x744273]
V  [jvm.dll+0x20d288]
V  [jvm.dll+0xabb07]
V  [jvm.dll+0xac1fc]
V  [jvm.dll+0x31c438]
V  [jvm.dll+0x2e6b38]
V  [jvm.dll+0x2e5f3a]
V  [jvm.dll+0x1e5e16]
V  [jvm.dll+0x1e50b8]
V  [jvm.dll+0x1779cc]
V  [jvm.dll+0x1f4105]
V  [jvm.dll+0x1f22eb]
V  [jvm.dll+0x7070cd]
V  [jvm.dll+0x6ffeda]
V  [jvm.dll+0x5f78f6]
C  [ucrtbase.dll+0x21bb2]
C  [KERNEL32.DLL+0x17034]
C  [ntdll.dll+0x52651]


---------------  P R O C E S S  ---------------

Threads class SMR info:
_java_thread_list=0x000002d812935550, length=11, elements={
0x000002d87254a800, 0x000002d811dbe000, 0x000002d812686800, 0x000002d8126bf800,
0x000002d8126c0800, 0x000002d8126c1800, 0x000002d8126c4800, 0x000002d8126d5000,
0x000002d8126e8800, 0x000002d812785800, 0x000002d812786000
}

Java Threads: ( => current thread )
  0x000002d87254a800 JavaThread "main" [_thread_in_native, id=38748, stack(0x000000eb26200000,0x000000eb26300000)]
  0x000002d811dbe000 JavaThread "Reference Handler" daemon [_thread_blocked, id=36380, stack(0x000000eb26900000,0x000000eb26a00000)]
  0x000002d812686800 JavaThread "Finalizer" daemon [_thread_blocked, id=37360, stack(0x000000eb26a00000,0x000000eb26b00000)]
  0x000002d8126bf800 JavaThread "Signal Dispatcher" daemon [_thread_blocked, id=38652, stack(0x000000eb26b00000,0x000000eb26c00000)]
  0x000002d8126c0800 JavaThread "Attach Listener" daemon [_thread_blocked, id=38328, stack(0x000000eb26c00000,0x000000eb26d00000)]
  0x000002d8126c1800 JavaThread "Service Thread" daemon [_thread_blocked, id=37448, stack(0x000000eb26d00000,0x000000eb26e00000)]
=>0x000002d8126c4800 JavaThread "C2 CompilerThread0" daemon [_thread_in_native, id=19260, stack(0x000000eb26e00000,0x000000eb26f00000)]
  0x000002d8126d5000 JavaThread "C1 CompilerThread0" daemon [_thread_blocked, id=39252, stack(0x000000eb26f00000,0x000000eb27000000)]
  0x000002d8126e8800 JavaThread "Sweeper thread" daemon [_thread_blocked, id=16848, stack(0x000000eb27000000,0x000000eb27100000)]
  0x000002d812785800 JavaThread "Common-Cleaner" daemon [_thread_blocked, id=2980, stack(0x000000eb27100000,0x000000eb27200000)]
  0x000002d812786000 JavaThread "Notification Thread" daemon [_thread_blocked, id=39580, stack(0x000000eb27200000,0x000000eb27300000)]

Other Threads:
  0x000002d811dbb000 VMThread "VM Thread" [stack: 0x000000eb26800000,0x000000eb26900000] [id=34864]
  0x000002d81294d000 WatcherThread [stack: 0x000000eb27300000,0x000000eb27400000] [id=37060]
  0x000002d8725b3000 GCTaskThread "GC Thread#0" [stack: 0x000000eb26300000,0x000000eb26400000] [id=28332]
  0x000002d81294d800 GCTaskThread "GC Thread#1" [stack: 0x000000eb27400000,0x000000eb27500000] [id=31984]
  0x000002d81294e800 GCTaskThread "GC Thread#2" [stack: 0x000000eb27500000,0x000000eb27600000] [id=39168]
  0x000002d81294f000 GCTaskThread "GC Thread#3" [stack: 0x000000eb27600000,0x000000eb27700000] [id=35696]
  0x000002d812986000 GCTaskThread "GC Thread#4" [stack: 0x000000eb27700000,0x000000eb27800000] [id=26984]
  0x000002d812989000 GCTaskThread "GC Thread#5" [stack: 0x000000eb27800000,0x000000eb27900000] [id=39632]
  0x000002d8725d6000 ConcurrentGCThread "G1 Main Marker" [stack: 0x000000eb26400000,0x000000eb26500000] [id=36300]
  0x000002d8725d7800 ConcurrentGCThread "G1 Conc#0" [stack: 0x000000eb26500000,0x000000eb26600000] [id=36612]
  0x000002d812957800 ConcurrentGCThread "G1 Conc#1" [stack: 0x000000eb27900000,0x000000eb27a00000] [id=29884]
  0x000002d812958800 ConcurrentGCThread "G1 Conc#2" [stack: 0x000000eb27a00000,0x000000eb27b00000] [id=37860]
  0x000002d811c91800 ConcurrentGCThread "G1 Refine#0" [stack: 0x000000eb26600000,0x000000eb26700000] [id=25976]
  0x000002d811c93800 ConcurrentGCThread "G1 Young RemSet Sampling" [stack: 0x000000eb26700000,0x000000eb26800000] [id=39584]

Threads with active compile tasks:
C2 CompilerThread0      485  170       4       java.util.HashMap::putVal (300 bytes)

VM state:not at safepoint (normal execution)

VM Mutex/Monitor currently owned by a thread: None

Heap address: 0x0000000700c00000, size: 4084 MB, Compressed Oops mode: Zero based, Oop shift amount: 3
Narrow klass base: 0x0000000800000000, Narrow klass shift: 0
Compressed class space size: 1073741824 Address: 0x0000000800000000

Heap:
 garbage-first heap   total 8192K, used 723K [0x0000000700c00000, 0x0000000800000000)
  region size 1024K, 2 young (2048K), 1 survivors (1024K)
 Metaspace       used 6792K, capacity 6859K, committed 7168K, reserved 1062912K
  class space    used 611K, capacity 651K, committed 768K, reserved 1048576K
Heap Regions: E=young(eden), S=young(survivor), O=old, HS=humongous(starts), HC=humongous(continues), CS=collection set, F=free, OA=open archive, CA=closed archive, TAMS=top-at-mark-start (previous, next)
|   0|0x0000000700c00000, 0x0000000700c00000, 0x0000000700d00000|  0%| F|  |TAMS 0x0000000700c00000, 0x0000000700c00000| Untracked 
|   1|0x0000000700d00000, 0x0000000700d00000, 0x0000000700e00000|  0%| F|  |TAMS 0x0000000700d00000, 0x0000000700d00000| Untracked 
|   2|0x0000000700e00000, 0x0000000700e00000, 0x0000000700f00000|  0%| F|  |TAMS 0x0000000700e00000, 0x0000000700e00000| Untracked 
|   3|0x0000000700f00000, 0x0000000700f00000, 0x0000000701000000|  0%| F|  |TAMS 0x0000000700f00000, 0x0000000700f00000| Untracked 
|   4|0x0000000701000000, 0x0000000701000000, 0x0000000701100000|  0%| F|  |TAMS 0x0000000701000000, 0x0000000701000000| Untracked 
|   5|0x0000000701100000, 0x0000000701100000, 0x0000000701200000|  0%| F|  |TAMS 0x0000000701100000, 0x0000000701100000| Untracked 
| 253|0x0000000710900000, 0x00000007109b4d90, 0x0000000710a00000| 70%| S|CS|TAMS 0x0000000710900000, 0x0000000710900000| Complete 
| 255|0x0000000710b00000, 0x0000000710b85280, 0x0000000710c00000| 52%| E|  |TAMS 0x0000000710b00000, 0x0000000710b00000| Complete 

Card table byte_map: [0x000002d876f80000,0x000002d877780000] _byte_map_base: 0x000002d87377a000

Marking Bits (Prev, Next): (CMBitMap*) 0x000002d8725b4ef8, (CMBitMap*) 0x000002d8725b4eb8
 Prev Bits: [0x000002d87bf50000, 0x000002d87ff20000)
 Next Bits: [0x000002d877f80000, 0x000002d87bf50000)

Polling page: 0x000002d8704f0000

Metaspace:

Usage:
  Non-class:      6.13 MB capacity,     6.05 MB ( 99%) used,    69.35 KB (  1%) free+waste,     5.56 KB ( <1%) overhead. 
      Class:    651.00 KB capacity,   615.02 KB ( 94%) used,    33.10 KB (  5%) free+waste,     2.88 KB ( <1%) overhead. 
       Both:      6.76 MB capacity,     6.65 MB ( 98%) used,   102.45 KB (  1%) free+waste,     8.44 KB ( <1%) overhead. 

Virtual space:
  Non-class space:       14.00 MB reserved,       6.25 MB ( 45%) committed 
      Class space:        1.00 GB reserved,     768.00 KB ( <1%) committed 
             Both:        1.01 GB reserved,       7.00 MB ( <1%) committed 

Chunk freelists:
   Non-Class:  0 bytes
       Class:  21.00 KB
        Both:  21.00 KB

MaxMetaspaceSize: 17179869184.00 GB
CompressedClassSpaceSize: 1.00 GB

CodeHeap 'non-profiled nmethods': size=120000Kb used=59Kb max_used=59Kb free=119941Kb
 bounds [0x000002d807ad0000, 0x000002d807d40000, 0x000002d80f000000]
CodeHeap 'profiled nmethods': size=120000Kb used=242Kb max_used=242Kb free=119757Kb
 bounds [0x000002d8005a0000, 0x000002d800810000, 0x000002d807ad0000]
CodeHeap 'non-nmethods': size=5760Kb used=1112Kb max_used=1120Kb free=4647Kb
 bounds [0x000002d800000000, 0x000002d800270000, 0x000002d8005a0000]
 total_blobs=549 nmethods=198 adapters=264
 compilation: enabled
              stopped_count=0, restarted_count=0
 full_count=0

Compilation events (20 events):
Event: 0.456 Thread 0x000002d8126d5000 nmethod 162 0x000002d8005d2290 code [0x000002d8005d2440, 0x000002d8005d25f8]
Event: 0.456 Thread 0x000002d8126d5000  163       3       java.util.ImmutableCollections$Set12::iterator (9 bytes)
Event: 0.456 Thread 0x000002d8126d5000 nmethod 163 0x000002d8005d2710 code [0x000002d8005d28c0, 0x000002d8005d2c18]
Event: 0.456 Thread 0x000002d8126d5000  164       3       java.util.ImmutableCollections$Set12$1::<init> (21 bytes)
Event: 0.456 Thread 0x000002d8126d5000 nmethod 164 0x000002d8005d2d10 code [0x000002d8005d2ec0, 0x000002d8005d3158]
Event: 0.457 Thread 0x000002d8126d5000  165       1       java.lang.module.ModuleDescriptor$Provides::service (5 bytes)
Event: 0.457 Thread 0x000002d8126d5000 nmethod 165 0x000002d807adbf10 code [0x000002d807adc0a0, 0x000002d807adc158]
Event: 0.457 Thread 0x000002d8126d5000  167       1       java.util.KeyValueHolder::getKey (5 bytes)
Event: 0.458 Thread 0x000002d8126d5000 nmethod 167 0x000002d807adc710 code [0x000002d807adc8a0, 0x000002d807adc958]
Event: 0.458 Thread 0x000002d8126d5000  168       1       java.util.KeyValueHolder::getValue (5 bytes)
Event: 0.458 Thread 0x000002d8126d5000 nmethod 168 0x000002d807adca10 code [0x000002d807adcba0, 0x000002d807adcc58]
Event: 0.458 Thread 0x000002d8126d5000  169       3       java.lang.Object::equals (11 bytes)
Event: 0.458 Thread 0x000002d8126d5000 nmethod 169 0x000002d8005d3290 code [0x000002d8005d3420, 0x000002d8005d3578]
Event: 0.458 Thread 0x000002d8126c4800  170       4       java.util.HashMap::putVal (300 bytes)
Event: 0.458 Thread 0x000002d8126d5000  171       3       java.util.ImmutableCollections$MapN::probe (60 bytes)
Event: 0.458 Thread 0x000002d8126d5000 nmethod 171 0x000002d8005d3610 code [0x000002d8005d37e0, 0x000002d8005d3d38]
Event: 0.458 Thread 0x000002d8126d5000  173       3       jdk.internal.module.ModuleBootstrap$2::hasNext (30 bytes)
Event: 0.459 Thread 0x000002d8126d5000 nmethod 173 0x000002d8005d3f90 code [0x000002d8005d4140, 0x000002d8005d4478]
Event: 0.459 Thread 0x000002d8126d5000  174       3       jdk.internal.module.ModuleBootstrap$2::next (52 bytes)
Event: 0.459 Thread 0x000002d8126d5000 nmethod 174 0x000002d8005d4590 code [0x000002d8005d4780, 0x000002d8005d4cc8]

GC Heap History (2 events):
Event: 0.461 GC heap before
{Heap before GC invocations=0 (full 0):
 garbage-first heap   total 262144K, used 1024K [0x0000000700c00000, 0x0000000800000000)
  region size 1024K, 2 young (2048K), 0 survivors (0K)
 Metaspace       used 5867K, capacity 5904K, committed 6016K, reserved 1062912K
  class space    used 523K, capacity 546K, committed 640K, reserved 1048576K
}
Event: 0.463 GC heap after
{Heap after GC invocations=1 (full 0):
 garbage-first heap   total 262144K, used 723K [0x0000000700c00000, 0x0000000800000000)
  region size 1024K, 1 young (1024K), 1 survivors (1024K)
 Metaspace       used 5867K, capacity 5904K, committed 6016K, reserved 1062912K
  class space    used 523K, capacity 546K, committed 640K, reserved 1048576K
}

Deoptimization events (0 events):
No events

Classes unloaded (0 events):
No events

Classes redefined (0 events):
No events

Internal exceptions (3 events):
Event: 0.435 Thread 0x000002d87254a800 Exception <a 'java/lang/NoSuchMethodError'{0x0000000710baa4f8}: 'int java.lang.invoke.DirectMethodHandle$Holder.invokeSpecial(java.lang.Object, java.lang.Object, java.lang.Object, java.lang.Object)'> (0x0000000710baa4f8) 
thrown [./open/src/hotspot/share/interpreter/linkResolver.cpp, line 766]
Event: 0.437 Thread 0x000002d87254a800 Exception <a 'java/lang/NoSuchMethodError'{0x0000000710bb26e8}: 'void java.lang.invoke.DirectMethodHandle$Holder.invokeVirtual(java.lang.Object, java.lang.Object)'> (0x0000000710bb26e8) 
thrown [./open/src/hotspot/share/interpreter/linkResolver.cpp, line 766]
Event: 0.446 Thread 0x000002d87254a800 Exception <a 'java/lang/NoSuchMethodError'{0x0000000710bd8060}: 'void java.lang.invoke.DirectMethodHandle$Holder.invokeSpecial(java.lang.Object, java.lang.Object, java.lang.Object, java.lang.Object)'> (0x0000000710bd8060) 
thrown [./open/src/hotspot/share/interpreter/linkResolver.cpp, line 766]

Events (20 events):
Event: 0.459 loading class jdk/internal/module/ModuleBootstrap$SafeModuleFinder done
Event: 0.459 Thread 0x000002d812786000 Thread added: 0x000002d812786000
Event: 0.459 loading class jdk/internal/vm/PostVMInitHook
Event: 0.459 loading class jdk/internal/vm/PostVMInitHook done
Event: 0.460 loading class sun/launcher/LauncherHelper
Event: 0.460 loading class sun/launcher/LauncherHelper done
Event: 0.460 loading class java/lang/StringCoding
Event: 0.461 loading class java/lang/StringCoding done
Event: 0.461 loading class java/lang/StringCoding$1
Event: 0.461 loading class java/lang/StringCoding$1 done
Event: 0.461 loading class java/lang/StringCoding$StringDecoder
Event: 0.461 loading class java/lang/StringCoding$StringDecoder done
Event: 0.461 loading class sun/nio/cs/SingleByte$Decoder
Event: 0.461 loading class sun/nio/cs/ArrayDecoder
Event: 0.461 loading class sun/nio/cs/ArrayDecoder done
Event: 0.461 loading class java/nio/charset/CharsetDecoder
Event: 0.461 Executing VM operation: CollectForMetadataAllocation
Event: 0.463 Executing VM operation: CollectForMetadataAllocation done
Event: 0.463 loading class java/nio/charset/CharsetDecoder done
Event: 0.463 loading class sun/nio/cs/SingleByte$Decoder done


Dynamic libraries:
0x00007ff7a8130000 - 0x00007ff7a813d000 	C:\Users\jakes\.p2\pool\plugins\org.eclipse.justj.openjdk.hotspot.jre.full.win32.x86_64_14.0.2.v20200815-0932\jre\bin\javaw.exe
0x00007ff8b6c70000 - 0x00007ff8b6e65000 	C:\WINDOWS\SYSTEM32\ntdll.dll
0x00007ff8b5830000 - 0x00007ff8b58ee000 	C:\WINDOWS\System32\KERNEL32.DLL
0x00007ff8b4630000 - 0x00007ff8b48f9000 	C:\WINDOWS\System32\KERNELBASE.dll
0x00007ff8b4530000 - 0x00007ff8b4630000 	C:\WINDOWS\System32\ucrtbase.dll
0x00007ff8ae650000 - 0x00007ff8ae668000 	C:\Users\jakes\.p2\pool\plugins\org.eclipse.justj.openjdk.hotspot.jre.full.win32.x86_64_14.0.2.v20200815-0932\jre\bin\jli.dll
0x00007ff8ae670000 - 0x00007ff8ae685000 	C:\Users\jakes\.p2\pool\plugins\org.eclipse.justj.openjdk.hotspot.jre.full.win32.x86_64_14.0.2.v20200815-0932\jre\bin\VCRUNTIME140.dll
0x00007ff8b5c70000 - 0x00007ff8b5e11000 	C:\WINDOWS\System32\USER32.dll
0x00007ff8b4900000 - 0x00007ff8b4922000 	C:\WINDOWS\System32\win32u.dll
0x00007ff89eb40000 - 0x00007ff89edda000 	C:\WINDOWS\WinSxS\amd64_microsoft.windows.common-controls_6595b64144ccf1df_6.0.19041.1110_none_60b5254171f9507e\COMCTL32.dll
0x00007ff8b6250000 - 0x00007ff8b627b000 	C:\WINDOWS\System32\GDI32.dll
0x00007ff8b5790000 - 0x00007ff8b582e000 	C:\WINDOWS\System32\msvcrt.dll
0x00007ff8b4390000 - 0x00007ff8b449b000 	C:\WINDOWS\System32\gdi32full.dll
0x00007ff8b4c20000 - 0x00007ff8b4cbd000 	C:\WINDOWS\System32\msvcp_win.dll
0x00007ff8b6ad0000 - 0x00007ff8b6b00000 	C:\WINDOWS\System32\IMM32.DLL
0x00007ff8acdf0000 - 0x00007ff8ace8b000 	C:\Users\jakes\.p2\pool\plugins\org.eclipse.justj.openjdk.hotspot.jre.full.win32.x86_64_14.0.2.v20200815-0932\jre\bin\msvcp140.dll
0x00007ff875d20000 - 0x00007ff87683e000 	C:\Users\jakes\.p2\pool\plugins\org.eclipse.justj.openjdk.hotspot.jre.full.win32.x86_64_14.0.2.v20200815-0932\jre\bin\server\jvm.dll
0x00007ff8b6020000 - 0x00007ff8b60cc000 	C:\WINDOWS\System32\ADVAPI32.dll
0x00007ff8b5e30000 - 0x00007ff8b5ecb000 	C:\WINDOWS\System32\sechost.dll
0x00007ff8b5660000 - 0x00007ff8b578a000 	C:\WINDOWS\System32\RPCRT4.dll
0x00007ff8b4da0000 - 0x00007ff8b4da8000 	C:\WINDOWS\System32\PSAPI.DLL
0x00007ff89c970000 - 0x00007ff89c979000 	C:\WINDOWS\SYSTEM32\WSOCK32.dll
0x00007ff8b6130000 - 0x00007ff8b619b000 	C:\WINDOWS\System32\WS2_32.dll
0x00007ff8b31e0000 - 0x00007ff8b31ea000 	C:\WINDOWS\SYSTEM32\VERSION.dll
0x00007ff8a25d0000 - 0x00007ff8a25f7000 	C:\WINDOWS\SYSTEM32\WINMM.dll
0x00007ff8b31a0000 - 0x00007ff8b31b2000 	C:\WINDOWS\SYSTEM32\kernel.appcore.dll
0x00007ff8b0c20000 - 0x00007ff8b0c2a000 	C:\Users\jakes\.p2\pool\plugins\org.eclipse.justj.openjdk.hotspot.jre.full.win32.x86_64_14.0.2.v20200815-0932\jre\bin\jimage.dll
0x00007ff8a2100000 - 0x00007ff8a22e4000 	C:\WINDOWS\SYSTEM32\DBGHELP.DLL
0x00007ff89c350000 - 0x00007ff89c37c000 	C:\WINDOWS\SYSTEM32\dbgcore.DLL
0x00007ff8b44a0000 - 0x00007ff8b4523000 	C:\WINDOWS\System32\bcryptPrimitives.dll
0x00007ff8aed70000 - 0x00007ff8aed95000 	C:\Users\jakes\.p2\pool\plugins\org.eclipse.justj.openjdk.hotspot.jre.full.win32.x86_64_14.0.2.v20200815-0932\jre\bin\java.dll
0x00007ff8afdf0000 - 0x00007ff8afe06000 	C:\Users\jakes\.p2\pool\plugins\org.eclipse.justj.openjdk.hotspot.jre.full.win32.x86_64_14.0.2.v20200815-0932\jre\bin\zip.dll
0x00007ff8b6280000 - 0x00007ff8b69bf000 	C:\WINDOWS\System32\SHELL32.dll
0x00007ff8b2a10000 - 0x00007ff8b31a0000 	C:\WINDOWS\SYSTEM32\windows.storage.dll
0x00007ff8b5910000 - 0x00007ff8b5c65000 	C:\WINDOWS\System32\combase.dll
0x00007ff8b3de0000 - 0x00007ff8b3e0c000 	C:\WINDOWS\SYSTEM32\Wldp.dll
0x00007ff8b6a20000 - 0x00007ff8b6acd000 	C:\WINDOWS\System32\SHCORE.dll
0x00007ff8b5f60000 - 0x00007ff8b5fb5000 	C:\WINDOWS\System32\shlwapi.dll
0x00007ff8b42d0000 - 0x00007ff8b42ef000 	C:\WINDOWS\SYSTEM32\profapi.dll
0x00007ff8af010000 - 0x00007ff8af029000 	C:\Users\jakes\.p2\pool\plugins\org.eclipse.justj.openjdk.hotspot.jre.full.win32.x86_64_14.0.2.v20200815-0932\jre\bin\net.dll
0x00007ff8aeac0000 - 0x00007ff8aebc8000 	C:\WINDOWS\SYSTEM32\WINHTTP.dll
0x00007ff8b3b40000 - 0x00007ff8b3baa000 	C:\WINDOWS\system32\mswsock.dll
0x00007ff8aef80000 - 0x00007ff8aef92000 	C:\Users\jakes\.p2\pool\plugins\org.eclipse.justj.openjdk.hotspot.jre.full.win32.x86_64_14.0.2.v20200815-0932\jre\bin\nio.dll

dbghelp: loaded successfully - version: 4.0.5 - missing functions: none
symbol engine: initialized successfully - sym options: 0x614 - pdb path: .;C:\Users\jakes\.p2\pool\plugins\org.eclipse.justj.openjdk.hotspot.jre.full.win32.x86_64_14.0.2.v20200815-0932\jre\bin;C:\WINDOWS\SYSTEM32;C:\WINDOWS\WinSxS\amd64_microsoft.windows.common-controls_6595b64144ccf1df_6.0.19041.1110_none_60b5254171f9507e;C:\Users\jakes\.p2\pool\plugins\org.eclipse.justj.openjdk.hotspot.jre.full.win32.x86_64_14.0.2.v20200815-0932\jre\bin\server

VM Arguments:
jvm_args: -Dfile.encoding=Cp1252 --module-path=C:\Users\jakes\eclipse-workspace\ComputerShare\bin -XX:+ShowCodeDetailsInExceptionMessages -Djdk.module.main=ComputerShare 
java_command: ComputerShare/stock.Trading
java_class_path (initial): <not set>
Launcher Type: SUN_STANDARD

[Global flags]
     intx CICompilerCount                          = 4                                         {product} {ergonomic}
     uint ConcGCThreads                            = 3                                         {product} {ergonomic}
     uint G1ConcRefinementThreads                  = 10                                        {product} {ergonomic}
   size_t G1HeapRegionSize                         = 1048576                                   {product} {ergonomic}
    uintx GCDrainStackTargetSize                   = 64                                        {product} {ergonomic}
   size_t InitialHeapSize                          = 268435456                                 {product} {ergonomic}
   size_t MarkStackSize                            = 4194304                                   {product} {ergonomic}
   size_t MaxHeapSize                              = 4282384384                                {product} {ergonomic}
   size_t MaxNewSize                               = 2569011200                                {product} {ergonomic}
   size_t MinHeapDeltaBytes                        = 1048576                                   {product} {ergonomic}
   size_t MinHeapSize                              = 8388608                                   {product} {ergonomic}
    uintx NonNMethodCodeHeapSize                   = 5839372                                {pd product} {ergonomic}
    uintx NonProfiledCodeHeapSize                  = 122909434                              {pd product} {ergonomic}
    uintx ProfiledCodeHeapSize                     = 122909434                              {pd product} {ergonomic}
    uintx ReservedCodeCacheSize                    = 251658240                              {pd product} {ergonomic}
     bool SegmentedCodeCache                       = true                                      {product} {ergonomic}
     bool ShowCodeDetailsInExceptionMessages       = true                                   {manageable} {command line}
   size_t SoftMaxHeapSize                          = 4282384384                             {manageable} {ergonomic}
     bool UseCompressedClassPointers               = true                                 {lp64_product} {ergonomic}
     bool UseCompressedOops                        = true                                 {lp64_product} {ergonomic}
     bool UseG1GC                                  = true                                      {product} {ergonomic}
     bool UseLargePagesIndividualAllocation        = false                                  {pd product} {ergonomic}

Logging:
Log output configuration:
 #0: stdout all=warning uptime,level,tags
 #1: stderr all=off uptime,level,tags

Environment Variables:
PATH=C:/Users/jakes/.p2/pool/plugins/org.eclipse.justj.openjdk.hotspot.jre.full.win32.x86_64_14.0.2.v20200815-0932/jre/bin/server;C:/Users/jakes/.p2/pool/plugins/org.eclipse.justj.openjdk.hotspot.jre.full.win32.x86_64_14.0.2.v20200815-0932/jre/bin;C:\Program Files\AdoptOpenJDK\jdk-15.0.0.36-hotspot\bin;C:\Program Files\AdoptOpenJDK\jdk-8.0.265.01-hotspot\bin;C:\Program Files (x86)\Razer Chroma SDK\bin;C:\Program Files\Razer Chroma SDK\bin;C:\Program Files (x86)\Razer\ChromaBroadcast\bin;C:\Program Files\Razer\ChromaBroadcast\bin;C:\Windows\system32;C:\Windows;C:\Windows\System32\Wbem;C:\Windows\System32\WindowsPowerShell\v1.0\;C:\Windows\System32\OpenSSH\;C:\Program Files\NVIDIA Corporation\NVIDIA NvDLISR;C:\Program Files (x86)\NVIDIA Corporation\PhysX\Common;C:\WINDOWS\system32;C:\WINDOWS;C:\WINDOWS\System32\Wbem;C:\WINDOWS\System32\WindowsPowerShell\v1.0\;C:\WINDOWS\System32\OpenSSH\;C:\WINDOWS\system32\config\systemprofile\AppData\Local\Microsoft\WindowsApps;C:\Users\jakes\AppData\Local\Microsoft\WindowsApps;C:\Users\jakes\AppData\Local\Programs\MiKTeX 2.9\miktex\bin\x64\;C:\WINDOWS\system32;C:\WINDOWS;C:\WINDOWS\System32\Wbem;C:\WINDOWS\System32\WindowsPowerShell\v1.0\;C:\WINDOWS\System32\OpenSSH\;C:\Program Files\nodejs\;C:\Program Files\Git\cmd;C:\HashiCorp\Vagrant\bin;C:\Users\jakes\AppData\Local\Microsoft\WindowsApps;C:\Users\jakes\AppData\Local\Programs\MiKTeX 2.9\miktex\bin\x64\;C:\Users\jakes\AppData\Local\Programs\Microsoft VS Code\bin;C:\Users\jakes\AppData\Local\GitHubDesktop\bin;C:\Users\jakes\AppData\Roaming\npm;C:\Users\jakes\OneDrive\Desktop;
USERNAME=jakes
OS=Windows_NT
PROCESSOR_IDENTIFIER=AMD64 Family 23 Model 8 Stepping 2, AuthenticAMD



---------------  S Y S T E M  ---------------

OS: Windows 10 , 64 bit Build 19041 (10.0.19041.1202)
OS uptime: 2 days 3:51 hours

CPU:total 12 (initial active 12) (12 cores per cpu, 2 threads per core) family 23 model 8 stepping 2, cmov, cx8, fxsr, mmx, sse, sse2, sse3, ssse3, sse4.1, sse4.2, popcnt, avx, avx2, aes, clmul, mmxext, 3dnowpref, lzcnt, sse4a, ht, tsc, tscinvbit, tscinv, bmi1, bmi2, adx, sha, fma

Memory: 4k page, system-wide physical 16334M (6856M free)
TotalPageFile size 48979M (AvailPageFile size 258M)
current process WorkingSet (physical memory assigned to process): 37M, peak: 37M
current process commit charge ("private bytes"): 88M, peak: 344M

vm_info: OpenJDK 64-Bit Server VM (14.0.2+12-46) for windows-amd64 JRE (14.0.2+12-46), built on Jul  9 2020 00:31:16 by "mach5one" with MS VC++ 15.9 (VS2017)

END.
